Spark Command: /usr/lib/jvm/java-1.8.0-openjdk-amd64/bin/java -cp /home/zakari/spark-2.4.4-bin-hadoop2.7/conf/:/home/zakari/spark-2.4.4-bin-hadoop2.7/jars/*:/home/zakari/hadoop-3.2.0/etc/hadoop/ -Xmx1g org.apache.spark.deploy.master.Master --host zakari-VirtualBox --port 7077 --webui-port 8080
========================================
2019-09-13 14:44:44,231 INFO master.Master: Started daemon with process name: 3924@zakari-VirtualBox
2019-09-13 14:44:44,236 INFO util.SignalUtils: Registered signal handler for TERM
2019-09-13 14:44:44,236 INFO util.SignalUtils: Registered signal handler for HUP
2019-09-13 14:44:44,236 INFO util.SignalUtils: Registered signal handler for INT
2019-09-13 14:44:44,250 WARN util.Utils: Your hostname, zakari-VirtualBox resolves to a loopback address: 127.0.1.1; using 10.0.2.15 instead (on interface enp0s3)
2019-09-13 14:44:44,250 WARN util.Utils: Set SPARK_LOCAL_IP if you need to bind to another address
2019-09-13 14:44:44,600 INFO spark.SecurityManager: Changing view acls to: zakari
2019-09-13 14:44:44,600 INFO spark.SecurityManager: Changing modify acls to: zakari
2019-09-13 14:44:44,600 INFO spark.SecurityManager: Changing view acls groups to: 
2019-09-13 14:44:44,600 INFO spark.SecurityManager: Changing modify acls groups to: 
2019-09-13 14:44:44,601 INFO spark.SecurityManager: SecurityManager: authentication disabled; ui acls disabled; users  with view permissions: Set(zakari); groups with view permissions: Set(); users  with modify permissions: Set(zakari); groups with modify permissions: Set()
2019-09-13 14:44:44,854 INFO util.Utils: Successfully started service 'sparkMaster' on port 7077.
2019-09-13 14:44:44,877 INFO master.Master: Starting Spark master at spark://zakari-VirtualBox:7077
2019-09-13 14:44:44,879 INFO master.Master: Running Spark version 2.4.4
2019-09-13 14:44:44,914 INFO util.log: Logging initialized @1015ms
2019-09-13 14:44:44,948 INFO server.Server: jetty-9.3.z-SNAPSHOT, build timestamp: unknown, git hash: unknown
2019-09-13 14:44:44,971 INFO server.Server: Started @1074ms
2019-09-13 14:44:45,018 INFO server.AbstractConnector: Started ServerConnector@5d79755e{HTTP/1.1,[http/1.1]}{0.0.0.0:8080}
2019-09-13 14:44:45,018 INFO util.Utils: Successfully started service 'MasterUI' on port 8080.
2019-09-13 14:44:45,040 INFO handler.ContextHandler: Started o.s.j.s.ServletContextHandler@60608777{/app,null,AVAILABLE,@Spark}
2019-09-13 14:44:45,041 INFO handler.ContextHandler: Started o.s.j.s.ServletContextHandler@2aef79ab{/app/json,null,AVAILABLE,@Spark}
2019-09-13 14:44:45,042 INFO handler.ContextHandler: Started o.s.j.s.ServletContextHandler@443f43e8{/,null,AVAILABLE,@Spark}
2019-09-13 14:44:45,043 INFO handler.ContextHandler: Started o.s.j.s.ServletContextHandler@287d99e8{/json,null,AVAILABLE,@Spark}
2019-09-13 14:44:45,050 INFO handler.ContextHandler: Started o.s.j.s.ServletContextHandler@790e9f6d{/static,null,AVAILABLE,@Spark}
2019-09-13 14:44:45,050 INFO handler.ContextHandler: Started o.s.j.s.ServletContextHandler@4b12c8e7{/app/kill,null,AVAILABLE,@Spark}
2019-09-13 14:44:45,051 INFO handler.ContextHandler: Started o.s.j.s.ServletContextHandler@e6ab2d1{/driver/kill,null,AVAILABLE,@Spark}
2019-09-13 14:44:45,053 INFO ui.MasterWebUI: Bound MasterWebUI to 0.0.0.0, and started at http://10.0.2.15:8080
2019-09-13 14:44:45,233 INFO handler.ContextHandler: Started o.s.j.s.ServletContextHandler@e2d74d3{/metrics/master/json,null,AVAILABLE,@Spark}
2019-09-13 14:44:45,233 INFO handler.ContextHandler: Started o.s.j.s.ServletContextHandler@7d8317ac{/metrics/applications/json,null,AVAILABLE,@Spark}
2019-09-13 14:44:45,249 INFO master.Master: I have been elected leader! New state: ALIVE
